<?xml version="1.0" encoding="UTF-8"?>
<!-- Generated by org.testng.reporters.JUnitReportReporter -->
<testsuite hostname="LAPTOP-Q4LION55" failures="0" tests="3" name="com.training.testNGDay1.MyFirstTest" time="53.089" errors="0" timestamp="2022-03-18T07:37:47 IST" skipped="0">
  <testcase classname="com.training.testNGDay1.MyFirstTest" name="validateSignInUrl" time="26.123"/>
  <system-out/>
  <testcase classname="com.training.testNGDay1.MyFirstTest" name="test3" time="13.092"/>
  <system-out/>
  <testcase classname="com.training.testNGDay1.MyFirstTest" name="test2" time="13.874"/>
  <system-out/>
</testsuite> <!-- com.training.testNGDay1.MyFirstTest -->
