<?xml version="1.0" encoding="UTF-8"?>
<!-- Generated by org.testng.reporters.JUnitReportReporter -->
<testsuite hostname="LAPTOP-Q4LION55" failures="0" tests="3" name="com.training.parameters.DataProviderExample" time="0.008" errors="0" timestamp="2022-03-22T07:31:06 IST" skipped="0">
  <testcase classname="com.training.parameters.DataProviderExample" name="sum" time="0.001"/>
  <system-out>
    <![CDATA[Sum of both values is: 300]]>
  </system-out>
  <testcase classname="com.training.parameters.DataProviderExample" name="sum" time="0.006"/>
  <system-out>
    <![CDATA[Sum of both values is: 30]]>
  </system-out>
  <testcase classname="com.training.parameters.DataProviderExample" name="sum" time="0.001"/>
  <system-out>
    <![CDATA[Sum of both values is: 90]]>
  </system-out>
</testsuite> <!-- com.training.parameters.DataProviderExample -->
