<?xml version="1.0" encoding="UTF-8"?>
<!-- Generated by org.testng.reporters.JUnitReportReporter -->
<testsuite hostname="LAPTOP-Q4LION55" failures="0" tests="1" name="com.training.testNGAnnotations.ParameterExample" time="0.006" errors="0" timestamp="2022-03-22T06:57:08 IST" skipped="0">
  <testcase classname="com.training.testNGAnnotations.ParameterExample" name="sum" time="0.006"/>
  <system-out>
    <![CDATA[Sum of 10 and 20 is: 30]]>
  </system-out>
</testsuite> <!-- com.training.testNGAnnotations.ParameterExample -->
