<?xml version="1.0" encoding="UTF-8"?>
<!-- Generated by org.testng.reporters.JUnitReportReporter -->
<testsuite hostname="LAPTOP-Q4LION55" failures="0" tests="2" name="com.training.testNGDay1.AddToCartTest" time="0.026" errors="0" timestamp="2022-03-18T07:37:47 IST" skipped="0">
  <testcase classname="com.training.testNGDay1.AddToCartTest" name="addFirstproductToCart" time="0.013"/>
  <system-out/>
  <testcase classname="com.training.testNGDay1.AddToCartTest" name="addMultipleProductsToCart" time="0.013"/>
  <system-out/>
</testsuite> <!-- com.training.testNGDay1.AddToCartTest -->
