<?xml version="1.0" encoding="UTF-8"?>
<!-- Generated by org.testng.reporters.JUnitReportReporter -->
<testsuite hostname="LAPTOP-Q4LION55" failures="0" tests="2" name="com.training.practice.TestNgAnnotations$TestNG" time="0.012" errors="0" timestamp="2022-03-09T13:27:13 IST" skipped="0">
  <testcase classname="com.training.practice.TestNgAnnotations$TestNG" name="testCase1" time="0.009"/>
  <system-out/>
  <testcase classname="com.training.practice.TestNgAnnotations$TestNG" name="testCase2" time="0.003"/>
  <system-out/>
</testsuite> <!-- com.training.practice.TestNgAnnotations$TestNG -->
