<?xml version="1.0" encoding="UTF-8"?>
<!-- Generated by org.testng.reporters.JUnitReportReporter -->
<testsuite hostname="LAPTOP-Q4LION55" failures="0" tests="1" name="com.training.parameters.Multiply" time="0.001" errors="0" timestamp="2022-03-22T07:20:49 IST" skipped="0">
  <testcase classname="com.training.parameters.Multiply" name="m1" time="0.001"/>
  <system-out>
    <![CDATA[Product of 40 and 50 is:  2000]]>
  </system-out>
</testsuite> <!-- com.training.parameters.Multiply -->
