<?xml version="1.0" encoding="UTF-8"?>
<!-- Generated by org.testng.reporters.JUnitReportReporter -->
<testsuite hostname="LAPTOP-Q4LION55" failures="0" tests="1" name="com.training.testNGDay1.SampleTest3" time="0.001" errors="0" timestamp="2022-03-18T07:24:57 IST" skipped="0">
  <testcase classname="com.training.testNGDay1.SampleTest3" name="f" time="0.001"/>
  <system-out/>
</testsuite> <!-- com.training.testNGDay1.SampleTest3 -->
