<?xml version="1.0" encoding="UTF-8"?>
<!-- Generated by org.testng.reporters.JUnitReportReporter -->
<testsuite hostname="LAPTOP-Q4LION55" failures="0" tests="2" name="com.training.testNGAnnotations.UseOfMethods" time="24.097" errors="0" timestamp="2022-03-18T08:10:22 IST" skipped="0">
  <testcase classname="com.training.testNGAnnotations.UseOfMethods" name="verifySignInUrl" time="14.077"/>
  <system-out/>
  <testcase classname="com.training.testNGAnnotations.UseOfMethods" name="verifyBaseUrl" time="10.020"/>
  <system-out/>
</testsuite> <!-- com.training.testNGAnnotations.UseOfMethods -->
