<?xml version="1.0" encoding="UTF-8"?>
<!-- Generated by org.testng.reporters.JUnitReportReporter -->
<testsuite hostname="LAPTOP-Q4LION55" failures="0" tests="1" name="com.training.practice.NewTest" time="0.013" errors="0" timestamp="2022-03-08T21:13:50 IST" skipped="0">
  <testcase classname="com.training.practice.NewTest" name="f" time="0.013"/>
  <system-out/>
</testsuite> <!-- com.training.practice.NewTest -->
