<?xml version="1.0" encoding="UTF-8"?>
<!-- Generated by org.testng.reporters.JUnitReportReporter -->
<testsuite hostname="LAPTOP-Q4LION55" failures="0" tests="1" name="com.training.parameters.ParameterizingTestCases" time="0.007" errors="0" timestamp="2022-03-22T07:20:49 IST" skipped="0">
  <testcase classname="com.training.parameters.ParameterizingTestCases" name="m1" time="0.007"/>
  <system-out>
    <![CDATA[Sum of 10 and 20 is:  30]]>
  </system-out>
</testsuite> <!-- com.training.parameters.ParameterizingTestCases -->
