<?xml version="1.0" encoding="UTF-8"?>
<!-- Generated by org.testng.reporters.JUnitReportReporter -->
<testsuite hostname="LAPTOP-Q4LION55" failures="0" tests="2" name="com.training.testNGAnnotations.TestNGAnnotations" time="0.007" errors="0" timestamp="2022-03-18T07:14:59 IST" skipped="0">
  <testcase classname="com.training.testNGAnnotations.TestNGAnnotations" name="testCase1" time="0.005"/>
  <system-out/>
  <testcase classname="com.training.testNGAnnotations.TestNGAnnotations" name="testCase2" time="0.002"/>
  <system-out/>
</testsuite> <!-- com.training.testNGAnnotations.TestNGAnnotations -->
